--2026-04-01 09:18:19--  https://huggingface.co/Kijai/WanVideo_comfy/resolve/main/Phantom-Wan-14B_fp8_e4m3fn.safetensors
Resolving huggingface.co (huggingface.co)... 18.164.174.23, 18.164.174.118, 18.164.174.17, ...
Connecting to huggingface.co (huggingface.co)|18.164.174.23|:443... connected.
HTTP request sent, awaiting response... 302 Found
Location: https://cas-bridge.xethub.hf.co/xet-bridge-us/67be03c930eecba21c83a91e/a1b2dd66baf080bfcac87962814a87564c7dd6d741048b7b39c3e2973e11b9e8?X-Amz-Algorithm=AWS4-HMAC-SHA256&X-Amz-Content-Sha256=UNSIGNED-PAYLOAD&X-Amz-Credential=cas%2F20260401%2Fus-east-1%2Fs3%2Faws4_request&X-Amz-Date=20260401T161820Z&X-Amz-Expires=3600&X-Amz-Signature=3473bf312e9f3bee73204272084088b0d239dd57eed1f246fb489fa76e6fa7ec&X-Amz-SignedHeaders=host&X-Xet-Cas-Uid=public&response-content-disposition=inline%3B+filename*%3DUTF-8%27%27Phantom-Wan-14B_fp8_e4m3fn.safetensors%3B+filename%3D%22Phantom-Wan-14B_fp8_e4m3fn.safetensors%22%3B&x-amz-checksum-mode=ENABLED&x-id=GetObject&Expires=1775063900&Policy=eyJTdGF0ZW1lbnQiOlt7IkNvbmRpdGlvbiI6eyJEYXRlTGVzc1RoYW4iOnsiQVdTOkVwb2NoVGltZSI6MTc3NTA2MzkwMH19LCJSZXNvdXJjZSI6Imh0dHBzOi8vY2FzLWJyaWRnZS54ZXRodWIuaGYuY28veGV0LWJyaWRnZS11cy82N2JlMDNjOTMwZWVjYmEyMWM4M2E5MWUvYTFiMmRkNjZiYWYwODBiZmNhYzg3OTYyODE0YTg3NTY0YzdkZDZkNzQxMDQ4YjdiMzljM2UyOTczZTExYjllOCoifV19&Signature=GlwITjxbQI0TQ9ZK42E-t%7EYKvKO9lIOmpEH8GFEz5r5qftpBGp10mVZZaxIyyGDOayNSNcqBecIm5tqJx-OGXe4uASfl6y6VheSd0AFSAIXrID%7EYpzR8bgwjzzdOs%7Eq4o3u97bLEfv9Opa4hnl8Uwpay4fZXltb9-wGBorI9VYradBEeotYoVGPWAMrHRrUNHS3bxP7ox9XeTCz3qVYIoc3zZNhWdhRrTOfunb21sck3Qwj6e49HbrA8FU3AQIi-Kncoojlu6Z5GNy6v41fQKqpUXY4VCPx15pZBi7fJJR-jrF0kOKOQr5BvfcCc2QfedjUeR-%7EQw13LCzdF-IkoPQ__&Key-Pair-Id=K2L8F4GPSG1IFC [following]
--2026-04-01 09:18:20--  https://cas-bridge.xethub.hf.co/xet-bridge-us/67be03c930eecba21c83a91e/a1b2dd66baf080bfcac87962814a87564c7dd6d741048b7b39c3e2973e11b9e8?X-Amz-Algorithm=AWS4-HMAC-SHA256&X-Amz-Content-Sha256=UNSIGNED-PAYLOAD&X-Amz-Credential=cas%2F20260401%2Fus-east-1%2Fs3%2Faws4_request&X-Amz-Date=20260401T161820Z&X-Amz-Expires=3600&X-Amz-Signature=3473bf312e9f3bee73204272084088b0d239dd57eed1f246fb489fa76e6fa7ec&X-Amz-SignedHeaders=host&X-Xet-Cas-Uid=public&response-content-disposition=inline%3B+filename*%3DUTF-8%27%27Phantom-Wan-14B_fp8_e4m3fn.safetensors%3B+filename%3D%22Phantom-Wan-14B_fp8_e4m3fn.safetensors%22%3B&x-amz-checksum-mode=ENABLED&x-id=GetObject&Expires=1775063900&Policy=eyJTdGF0ZW1lbnQiOlt7IkNvbmRpdGlvbiI6eyJEYXRlTGVzc1RoYW4iOnsiQVdTOkVwb2NoVGltZSI6MTc3NTA2MzkwMH19LCJSZXNvdXJjZSI6Imh0dHBzOi8vY2FzLWJyaWRnZS54ZXRodWIuaGYuY28veGV0LWJyaWRnZS11cy82N2JlMDNjOTMwZWVjYmEyMWM4M2E5MWUvYTFiMmRkNjZiYWYwODBiZmNhYzg3OTYyODE0YTg3NTY0YzdkZDZkNzQxMDQ4YjdiMzljM2UyOTczZTExYjllOCoifV19&Signature=GlwITjxbQI0TQ9ZK42E-t%7EYKvKO9lIOmpEH8GFEz5r5qftpBGp10mVZZaxIyyGDOayNSNcqBecIm5tqJx-OGXe4uASfl6y6VheSd0AFSAIXrID%7EYpzR8bgwjzzdOs%7Eq4o3u97bLEfv9Opa4hnl8Uwpay4fZXltb9-wGBorI9VYradBEeotYoVGPWAMrHRrUNHS3bxP7ox9XeTCz3qVYIoc3zZNhWdhRrTOfunb21sck3Qwj6e49HbrA8FU3AQIi-Kncoojlu6Z5GNy6v41fQKqpUXY4VCPx15pZBi7fJJR-jrF0kOKOQr5BvfcCc2QfedjUeR-%7EQw13LCzdF-IkoPQ__&Key-Pair-Id=K2L8F4GPSG1IFC
Resolving cas-bridge.xethub.hf.co (cas-bridge.xethub.hf.co)... 99.84.215.118, 99.84.215.123, 99.84.215.107, ...
Connecting to cas-bridge.xethub.hf.co (cas-bridge.xethub.hf.co)|99.84.215.118|:443... connected.
HTTP request sent, awaiting response... 200 OK
Length: 15001320640 (14G)
Saving to: ‘/home/henry/comfy/ComfyUI/models/diffusion_models/Phantom-Wan-14B_fp8_e4m3fn.safetensors’

     0K ........ ........ ........ ........  0% 10.0M 23m47s
 32768K ........ ........ ........ ........  0% 11.2M 22m28s
 65536K ........ ........ ........ ........  0% 11.1M 22m2s
 98304K ........ ........ ........ ........  0% 10.4M 22m10s
131072K ........ ........ ........ ........  1% 11.2M 21m55s
163840K ........ ........ ........ ........  1% 11.2M 21m43s
196608K ........ ........ ........ ........  1% 11.1M 21m35s
229376K ........ ........ ........ ........  1% 10.4M 21m40s
262144K ........ ........ ........ ........  2% 11.2M 21m32s
294912K ........ ........ ........ ........  2% 11.2M 21m26s
327680K ........ ........ ........ ........  2% 11.2M 21m19s
360448K ........ ........ ........ ........  2% 11.1M 21m14s
393216K ........ ........ ........ ........  2% 11.2M 21m9s
425984K ........ ........ ........ ........  3% 11.2M 21m4s
458752K ........ ........ ........ ........  3% 10.4M 21m6s
491520K ........ ........ ........ ........  3% 11.2M 21m1s
524288K ........ ........ ........ ........  3% 11.2M 20m57s
557056K ........ ........ ........ ........  4% 11.2M 20m52s
589824K ........ ........ ........ ........  4% 11.2M 20m48s
622592K ........ ........ ........ ........  4% 10.4M 20m49s
655360K ........ ........ ........ ........  4% 11.2M 20m45s
688128K ........ ........ ........ ........  4% 11.2M 20m41s
720896K ........ ........ ........ ........  5% 11.2M 20m37s
753664K ........ ........ ........ ........  5% 10.4M 20m37s
786432K ........ ........ ........ ........  5% 11.2M 20m33s
819200K ........ ........ ........ ........  5% 11.2M 20m29s
851968K ........ ........ ........ ........  6% 10.4M 20m28s
884736K ........ ........ ........ ........  6% 11.2M 20m24s
917504K ........ ........ ........ ........  6% 11.1M 20m21s
950272K ........ ........ ........ ........  6% 11.2M 20m17s
983040K ........ ........ ........ ........  6% 10.4M 20m16s
1015808K ........ ........ ........ ........  7% 11.2M 20m13s
1048576K ........ ........ ........ ........  7% 11.2M 20m9s
1081344K ........ ........ ........ ........  7% 10.4M 20m8s
1114112K ........ ........ ........ ........  7% 11.2M 20m4s
1146880K ........ ........ ........ ........  8% 11.2M 20m1s
1179648K ........ ........ ........ ........  8% 11.2M 19m57s
1212416K ........ ........ ........ ........  8% 11.2M 19m54s
1245184K ........ ........ ........ ........  8% 11.2M 19m50s
1277952K ........ ........ ........ ........  8% 11.2M 19m47s
1310720K ........ ........ ........ ........  9% 11.2M 19m43s
1343488K ........ ........ ........ ........  9% 11.2M 19m40s
1376256K ........ ........ ........ ........  9% 10.4M 19m39s
1409024K ........ ........ ........ ........  9% 11.2M 19m35s
1441792K ........ ........ ........ ........ 10% 11.2M 19m32s
1474560K ........ ........ ........ ........ 10% 10.4M 19m30s
1507328K ........ ........ ........ ........ 10% 11.2M 19m27s
1540096K ........ ........ ........ ........ 10% 11.2M 19m23s
1572864K ........ ........ ........ ........ 10% 11.2M 19m20s
1605632K ........ ........ ........ ........ 11% 10.4M 19m19s
1638400K ........ ........ ........ ........ 11% 11.1M 19m15s
1671168K ........ ........ ........ ........ 11% 11.2M 19m12s
1703936K ........ ........ ........ ........ 11% 10.4M 19m10s
1736704K ........ ........ ........ ........ 12% 11.2M 19m7s
1769472K ........ ........ ........ ........ 12% 11.2M 19m4s
1802240K ........ ........ ........ ........ 12% 11.2M 19m0s
1835008K ........ ........ ........ ........ 12% 11.2M 18m57s
1867776K ........ ........ ........ ........ 12% 11.2M 18m54s
1900544K ........ ........ ........ ........ 13% 11.2M 18m51s
1933312K ........ ........ ........ ........ 13% 11.2M 18m47s
1966080K ........ ........ ........ ........ 13% 11.2M 18m44s
1998848K ........ ........ ........ ........ 13% 10.4M 18m42s
2031616K ........ ........ ........ ........ 14% 11.2M 18m39s
2064384K ........ ........ ........ ........ 14% 11.2M 18m36s
2097152K ........ ........ ........ ........ 14% 10.4M 18m34s
2129920K ........ ........ ........ ........ 14% 11.2M 18m31s
2162688K ........ ........ ........ ........ 14% 11.2M 18m27s
2195456K ........ ........ ........ ........ 15% 11.1M 18m24s
2228224K ........ ........ ........ ........ 15% 11.2M 18m21s
2260992K ........ ........ ........ ........ 15% 10.4M 18m19s
2293760K ........ ........ ........ ........ 15% 11.2M 18m16s
2326528K ........ ........ ........ ........ 16% 11.2M 18m13s
2359296K ........ ........ ........ ........ 16% 11.2M 18m10s
2392064K ........ ........ ........ ........ 16% 10.4M 18m7s
2424832K ........ ........ ........ ........ 16% 11.2M 18m4s
2457600K ........ ........ ........ ........ 16% 11.1M 18m1s
2490368K ........ ........ ........ ........ 17% 11.1M 17m58s
2523136K ........ ........ ........ ........ 17% 11.2M 17m55s
2555904K ........ ........ ........ ........ 17% 11.1M 17m52s
2588672K ........ ........ ........ ........ 17% 11.2M 17m49s
2621440K ........ ........ ........ ........ 18% 11.1M 17m46s
2654208K ........ ........ ........ ........ 18% 10.4M 17m43s
2686976K ........ ........ ........ ........ 18% 11.2M 17m40s
2719744K ........ ........ ........ ........ 18% 11.1M 17m37s
2752512K ........ ........ ........ ........ 19% 11.2M 17m34s
2785280K ........ ........ ........ ........ 19% 11.2M 17m31s
2818048K ........ ........ ........ ........ 19% 11.1M 17m28s
2850816K ........ ........ ........ ........ 19% 11.2M 17m25s
2883584K ........ ........ ........ ........ 19% 10.4M 17m23s
2916352K ........ ........ ........ ........ 20% 11.2M 17m19s
2949120K ........ ........ ........ ........ 20% 11.2M 17m16s
2981888K ........ ........ ........ ........ 20% 11.2M 17m13s
3014656K ........ ........ ........ ........ 20% 10.4M 17m11s
3047424K ........ ........ ........ ........ 21% 11.2M 17m8s
3080192K ........ ........ ........ ........ 21% 11.2M 17m5s
3112960K ........ ........ ........ ........ 21% 11.2M 17m2s
3145728K ........ ........ ........ ........ 21% 11.2M 16m59s
3178496K ........ ........ ........ ........ 21% 10.4M 16m56s
3211264K ........ ........ ........ ........ 22% 11.2M 16m53s
3244032K ........ ........ ........ ........ 22% 11.2M 16m50s
3276800K ........ ........ ........ ........ 22% 11.2M 16m47s
3309568K ........ ........ ........ ........ 22% 11.2M 16m44s
3342336K ........ ........ ........ ........ 23% 11.2M 16m41s
3375104K ........ ........ ........ ........ 23% 11.2M 16m38s
3407872K ........ ........ ........ ........ 23% 11.1M 16m35s
3440640K ........ ........ ........ ........ 23% 11.2M 16m32s
3473408K ........ ........ ........ ........ 23% 11.2M 16m29s
3506176K ........ ........ ........ ........ 24% 11.2M 16m26s
3538944K ........ ........ ........ ........ 24% 11.2M 16m23s
3571712K ........ ........ ........ ........ 24% 11.1M 16m20s
3604480K ........ ........ ........ ........ 24% 11.2M 16m17s
3637248K ........ ........ ........ ........ 25% 10.4M 16m14s
3670016K ........ ........ ........ ........ 25% 11.2M 16m11s
3702784K ........ ........ ........ ........ 25% 11.2M 16m8s
3735552K ........ ........ ........ ........ 25% 10.4M 16m6s
3768320K ........ ........ ........ ........ 25% 11.2M 16m3s
3801088K ........ ........ ........ ........ 26% 11.1M 16m0s
3833856K ........ ........ ........ ........ 26% 11.2M 15m57s
3866624K ........ ........ ........ ........ 26% 11.2M 15m54s
3899392K ........ ........ ........ ........ 26% 11.1M 15m51s
3932160K ........ ........ ........ ........ 27% 11.2M 15m48s
3964928K ........ ........ ........ ........ 27% 11.1M 15m45s
3997696K ........ ........ ........ ........ 27% 11.2M 15m42s
4030464K ........ ........ ........ ........ 27% 10.4M 15m39s
4063232K ........ ........ ........ ........ 27% 11.2M 15m36s
4096000K ........ ........ ........ ........ 28% 11.2M 15m33s
4128768K ........ ........ ........ ........ 28% 11.2M 15m30s
4161536K ........ ........ ........ ........ 28% 11.2M 15m27s
4194304K ........ ........ ........ ........ 28% 10.4M 15m24s
4227072K ........ ........ ........ ........ 29% 11.2M 15m21s
4259840K ........ ........ ........ ........ 29% 11.1M 15m18s
4292608K ........ ........ ........ ........ 29% 11.2M 15m15s
4325376K ........ ........ ........ ........ 29% 11.2M 15m12s
4358144K ........ ........ ........ ........ 29% 11.1M 15m9s
4390912K ........ ........ ........ ........ 30% 11.2M 15m6s
4423680K ........ ........ ........ ........ 30% 10.4M 15m4s
4456448K ........ ........ ........ ........ 30% 11.2M 15m1s
4489216K ........ ........ ........ ........ 30% 11.2M 14m58s
4521984K ........ ........ ........ ........ 31% 11.2M 14m55s
4554752K ........ ........ ........ ........ 31% 11.2M 14m52s
4587520K ........ ........ ........ ........ 31% 11.2M 14m49s
4620288K ........ ........ ........ ........ 31% 11.2M 14m46s
4653056K ........ ........ ........ ........ 31% 11.2M 14m43s
4685824K ........ ........ ........ ........ 32% 10.4M 14m40s
4718592K ........ ........ ........ ........ 32% 11.2M 14m37s
4751360K ........ ........ ........ ........ 32% 11.2M 14m34s
4784128K ........ ........ ........ ........ 32% 11.2M 14m31s
4816896K ........ ........ ........ ........ 33% 10.4M 14m29s
4849664K ........ ........ ........ ........ 33% 11.2M 14m26s
4882432K ........ ........ ........ ........ 33% 11.2M 14m23s
4915200K ........ ........ ........ ........ 33% 10.4M 14m20s
4947968K ........ ........ ........ ........ 33% 11.2M 14m17s
4980736K ........ ........ ........ ........ 34% 11.2M 14m14s
5013504K ........ ........ ........ ........ 34% 11.2M 14m11s
5046272K ........ ........ ........ ........ 34% 11.2M 14m8s
5079040K ........ ........ ........ ........ 34% 11.2M 14m5s
5111808K ........ ........ ........ ........ 35% 11.2M 14m2s
5144576K ........ ........ ........ ........ 35% 11.2M 13m59s
5177344K ........ ........ ........ ........ 35% 11.2M 13m56s
5210112K ........ ........ ........ ........ 35% 11.2M 13m53s
5242880K ........ ........ ........ ........ 36% 11.2M 13m50s
5275648K ........ ........ ........ ........ 36% 10.3M 13m48s
5308416K ........ ........ ........ ........ 36% 11.1M 13m45s
5341184K ........ ........ ........ ........ 36% 11.2M 13m42s
5373952K ........ ........ ........ ........ 36% 10.4M 13m39s
5406720K ........ ........ ........ ........ 37% 11.2M 13m36s
5439488K ........ ........ ........ ........ 37% 11.2M 13m33s
5472256K ........ ........ ........ ........ 37% 11.2M 13m30s
5505024K ........ ........ ........ ........ 37% 11.1M 13m27s
5537792K ........ ........ ........ ........ 38% 11.1M 13m25s
5570560K ........ ........ ........ ........ 38% 11.2M 13m22s
5603328K ........ ........ ........ ........ 38% 10.4M 13m19s
5636096K ........ ........ ........ ........ 38% 11.2M 13m16s
5668864K ........ ........ ........ ........ 38% 11.2M 13m13s
5701632K ........ ........ ........ ........ 39% 11.2M 13m10s
5734400K ........ ........ ........ ........ 39% 10.4M 13m7s
5767168K ........ ........ ........ ........ 39% 11.2M 13m4s
5799936K ........ ........ ........ ........ 39% 11.2M 13m1s
5832704K ........ ........ ........ ........ 40% 11.2M 12m58s
5865472K ........ ........ ........ ........ 40% 11.2M 12m56s
5898240K ........ ........ ........ ........ 40% 10.4M 12m53s
5931008K ........ ........ ........ ........ 40% 11.2M 12m50s
5963776K ........ ........ ........ ........ 40% 11.2M 12m47s
5996544K ........ ........ ........ ........ 41% 11.2M 12m44s
6029312K ........ ........ ........ ........ 41% 11.2M 12m41s
6062080K ........ ........ ........ ........ 41% 10.4M 12m38s
6094848K ........ ........ ........ ........ 41% 11.2M 12m35s
6127616K ........ ........ ........ ........ 42% 11.2M 12m32s
6160384K ........ ........ ........ ........ 42% 10.4M 12m30s
6193152K ........ ........ ........ ........ 42% 11.2M 12m27s
6225920K ........ ........ ........ ........ 42% 11.2M 12m24s
6258688K ........ ........ ........ ........ 42% 11.2M 12m21s
6291456K ........ ........ ........ ........ 43% 10.4M 12m18s
6324224K ........ ........ ........ ........ 43% 11.2M 12m15s
6356992K ........ ........ ........ ........ 43% 11.2M 12m12s
6389760K ........ ........ ........ ........ 43% 11.2M 12m9s
6422528K ........ ........ ........ ........ 44% 11.2M 12m6s
6455296K ........ ........ ........ ........ 44% 10.4M 12m4s
6488064K ........ ........ ........ ........ 44% 11.2M 12m1s
6520832K ........ ........ ........ ........ 44% 11.2M 11m58s
6553600K ........ ........ ........ ........ 44% 10.4M 11m55s
6586368K ........ ........ ........ ........ 45% 11.2M 11m52s
6619136K ........ ........ ........ ........ 45% 11.2M 11m49s
6651904K ........ ........ ........ ........ 45% 11.2M 11m46s
6684672K ........ ........ ........ ........ 45% 10.4M 11m43s
6717440K ........ ........ ........ ........ 46% 11.2M 11m41s
6750208K ........ ........ ........ ........ 46% 11.2M 11m38s
6782976K ........ ........ ........ ........ 46% 11.2M 11m35s
6815744K ........ ........ ........ ........ 46% 11.2M 11m32s
6848512K ........ ........ ........ ........ 46% 10.4M 11m29s
6881280K ........ ........ ........ ........ 47% 11.2M 11m26s
6914048K ........ ........ ........ ........ 47% 11.2M 11m23s
6946816K ........ ........ ........ ........ 47% 11.1M 11m20s
6979584K ........ ........ ........ ........ 47% 11.2M 11m17s
7012352K ........ ........ ........ ........ 48% 10.4M 11m14s
7045120K ........ ........ ........ ........ 48% 11.2M 11m11s
7077888K ........ ........ ........ ........ 48% 11.2M 11m9s
7110656K ........ ........ ........ ........ 48% 11.2M 11m6s
7143424K ........ ........ ........ ........ 48% 11.2M 11m3s
7176192K ........ ........ ........ ........ 49% 11.2M 11m0s
7208960K ........ ........ ........ ........ 49% 11.2M 10m57s
7241728K ........ ........ ........ ........ 49% 10.4M 10m54s
7274496K ........ ........ ........ ........ 49% 11.2M 10m51s
7307264K ........ ........ ........ ........ 50% 11.2M 10m48s
7340032K ........ ........ ........ ........ 50% 10.4M 10m45s
7372800K ........ ........ ........ ........ 50% 11.2M 10m42s
7405568K ........ ........ ........ ........ 50% 11.2M 10m39s
7438336K ........ ........ ........ ........ 50% 11.2M 10m37s
7471104K ........ ........ ........ ........ 51% 11.1M 10m34s
7503872K ........ ........ ........ ........ 51% 10.4M 10m31s
7536640K ........ ........ ........ ........ 51% 11.1M 10m28s
7569408K ........ ........ ........ ........ 51% 11.1M 10m25s
7602176K ........ ........ ........ ........ 52% 11.2M 10m22s
7634944K ........ ........ ........ ........ 52% 10.4M 10m19s
7667712K ........ ........ ........ ........ 52% 11.2M 10m16s
7700480K ........ ........ ........ ........ 52% 11.2M 10m13s
7733248K ........ ........ ........ ........ 53% 11.1M 10m10s
7766016K ........ ........ ........ ........ 53% 11.2M 10m7s
7798784K ........ ........ ........ ........ 53% 11.2M 10m5s
7831552K ........ ........ ........ ........ 53% 11.2M 10m2s
7864320K ........ ........ ........ ........ 53% 10.4M 9m59s
7897088K ........ ........ ........ ........ 54% 11.1M 9m56s
7929856K ........ ........ ........ ........ 54% 11.2M 9m53s
7962624K ........ ........ ........ ........ 54% 11.2M 9m50s
7995392K ........ ........ ........ ........ 54% 11.2M 9m47s
8028160K ........ ........ ........ ........ 55% 10.4M 9m44s
8060928K ........ ........ ........ ........ 55% 11.2M 9m41s
8093696K ........ ........ ........ ........ 55% 11.2M 9m38s
8126464K ........ ........ ........ ........ 55% 11.1M 9m36s
8159232K ........ ........ ........ ........ 55% 11.2M 9m33s
8192000K ........ ........ ........ ........ 56% 11.2M 9m30s
8224768K ........ ........ ........ ........ 56% 11.2M 9m27s
8257536K ........ ........ ........ ........ 56% 11.1M 9m24s
8290304K ........ ........ ........ ........ 56% 11.2M 9m21s
8323072K ........ ........ ........ ........ 57% 10.4M 9m18s
8355840K ........ ........ ........ ........ 57% 11.2M 9m15s
8388608K ........ ........ ........ ........ 57% 11.2M 9m12s
8421376K ........ ........ ........ ........ 57% 11.2M 9m9s
8454144K ........ ........ ........ ........ 57% 11.2M 9m6s
8486912K ........ ........ ........ ........ 58% 11.2M 9m3s
8519680K ........ ........ ........ ........ 58% 10.4M 9m1s
8552448K ........ ........ ........ ........ 58% 11.2M 8m58s
8585216K ........ ........ ........ ........ 58% 11.2M 8m55s
8617984K ........ ........ ........ ........ 59% 11.2M 8m52s
8650752K ........ ........ ........ ........ 59% 11.1M 8m49s
8683520K ........ ........ ........ ........ 59% 11.2M 8m46s
8716288K ........ ........ ........ ........ 59% 11.1M 8m43s
8749056K ........ ........ ........ ........ 59% 10.4M 8m40s
8781824K ........ ........ ........ ........ 60% 11.2M 8m37s
8814592K ........ ........ ........ ........ 60% 11.2M 8m34s
8847360K ........ ........ ........ ........ 60% 11.2M 8m31s
8880128K ........ ........ ........ ........ 60% 11.2M 8m28s
8912896K ........ ........ ........ ........ 61% 11.2M 8m26s
8945664K ........ ........ ........ ........ 61% 11.1M 8m23s
8978432K ........ ........ ........ ........ 61% 11.2M 8m20s
9011200K ........ ........ ........ ........ 61% 11.2M 8m17s
9043968K ........ ........ ........ ........ 61% 11.2M 8m14s
9076736K ........ ........ ........ ........ 62% 11.2M 8m11s
9109504K ........ ........ ........ ........ 62% 11.1M 8m8s
9142272K ........ ........ ........ ........ 62% 11.2M 8m5s
9175040K ........ ........ ........ ........ 62% 10.4M 8m2s
9207808K ........ ........ ........ ........ 63% 11.2M 7m59s
9240576K ........ ........ ........ ........ 63% 11.2M 7m56s
9273344K ........ ........ ........ ........ 63% 10.4M 7m54s
9306112K ........ ........ ........ ........ 63% 11.2M 7m51s
9338880K ........ ........ ........ ........ 63% 11.1M 7m48s
9371648K ........ ........ ........ ........ 64% 11.2M 7m45s
9404416K ........ ........ ........ ........ 64% 10.4M 7m42s
9437184K ........ ........ ........ ........ 64% 11.2M 7m39s
9469952K ........ ........ ........ ........ 64% 11.2M 7m36s
9502720K ........ ........ ........ ........ 65% 10.4M 7m33s
9535488K ........ ........ ........ ........ 65% 11.2M 7m30s
9568256K ........ ........ ........ ........ 65% 11.2M 7m27s
9601024K ........ ........ ........ ........ 65% 11.1M 7m25s
9633792K ........ ........ ........ ........ 65% 10.4M 7m22s
9666560K ........ ........ ........ ........ 66% 11.2M 7m19s
9699328K ........ ........ ........ ........ 66% 11.2M 7m16s
9732096K ........ ........ ........ ........ 66% 11.2M 7m13s
9764864K ........ ........ ........ ........ 66% 10.4M 7m10s
9797632K ........ ........ ........ ........ 67% 11.2M 7m7s
9830400K ........ ........ ........ ........ 67% 11.2M 7m4s
9863168K ........ ........ ........ ........ 67% 11.2M 7m1s
9895936K ........ ........ ........ ........ 67% 11.2M 6m58s
9928704K ........ ........ ........ ........ 67% 11.2M 6m56s
9961472K ........ ........ ........ ........ 68% 11.2M 6m53s
9994240K ........ ........ ........ ........ 68% 11.2M 6m50s
10027008K ........ ........ ........ ........ 68% 11.2M 6m47s
10059776K ........ ........ ........ ........ 68% 11.2M 6m44s
10092544K ........ ........ ........ ........ 69% 11.2M 6m41s
10125312K ........ ........ ........ ........ 69% 10.4M 6m38s
10158080K ........ ........ ........ ........ 69% 11.2M 6m35s
10190848K ........ ........ ........ ........ 69% 11.2M 6m32s
10223616K ........ ........ ........ ........ 70% 11.2M 6m29s
10256384K ........ ........ ........ ........ 70% 11.2M 6m26s
10289152K ........ ........ ........ ........ 70% 10.4M 6m24s
10321920K ........ ........ ........ ........ 70% 11.2M 6m21s
10354688K ........ ........ ........ ........ 70% 11.1M 6m18s
10387456K ........ ........ ........ ........ 71% 11.2M 6m15s
10420224K ........ ........ ........ ........ 71% 11.2M 6m12s
10452992K ........ ........ ........ ........ 71% 10.4M 6m9s
10485760K ........ ........ ........ ........ 71% 11.2M 6m6s
10518528K ........ ........ ........ ........ 72% 11.2M 6m3s
10551296K ........ ........ ........ ........ 72% 11.2M 6m0s
10584064K ........ ........ ........ ........ 72% 11.2M 5m57s
10616832K ........ ........ ........ ........ 72% 10.4M 5m55s
10649600K ........ ........ ........ ........ 72% 11.2M 5m52s
10682368K ........ ........ ........ ........ 73% 11.2M 5m49s
10715136K ........ ........ ........ ........ 73% 11.2M 5m46s
10747904K ........ ........ ........ ........ 73% 10.4M 5m43s
10780672K ........ ........ ........ ........ 73% 11.2M 5m40s
10813440K ........ ........ ........ ........ 74% 11.2M 5m37s
10846208K ........ ........ ........ ........ 74% 11.2M 5m34s
10878976K ........ ........ ........ ........ 74% 11.2M 5m31s
10911744K ........ ........ ........ ........ 74% 10.4M 5m28s
10944512K ........ ........ ........ ........ 74% 11.2M 5m25s
10977280K ........ ........ ........ ........ 75% 11.2M 5m23s
11010048K ........ ........ ........ ........ 75% 11.2M 5m20s
11042816K ........ ........ ........ ........ 75% 11.2M 5m17s
11075584K ........ ........ ........ ........ 75% 10.4M 5m14s
11108352K ........ ........ ........ ........ 76% 11.2M 5m11s
11141120K ........ ........ ........ ........ 76% 11.1M 5m8s
11173888K ........ ........ ........ ........ 76% 11.2M 5m5s
11206656K ........ ........ ........ ........ 76% 11.2M 5m2s
11239424K ........ ........ ........ ........ 76% 11.2M 4m59s
11272192K ........ ........ ........ ........ 77% 11.2M 4m56s
11304960K ........ ........ ........ ........ 77% 10.3M 4m54s
11337728K ........ ........ ........ ........ 77% 11.2M 4m51s
11370496K ........ ........ ........ ........ 77% 11.2M 4m48s
11403264K ........ ........ ........ ........ 78% 10.4M 4m45s
11436032K ........ ........ ........ ........ 78% 11.2M 4m42s
11468800K ........ ........ ........ ........ 78% 11.2M 4m39s
11501568K ........ ........ ........ ........ 78% 11.2M 4m36s
11534336K ........ ........ ........ ........ 78% 10.4M 4m33s
11567104K ........ ........ ........ ........ 79% 11.2M 4m30s
11599872K ........ ........ ........ ........ 79% 11.2M 4m27s
11632640K ........ ........ ........ ........ 79% 11.2M 4m25s
11665408K ........ ........ ........ ........ 79% 11.2M 4m22s
11698176K ........ ........ ........ ........ 80% 10.4M 4m19s
11730944K ........ ........ ........ ........ 80% 11.2M 4m16s
11763712K ........ ........ ........ ........ 80% 11.2M 4m13s
11796480K ........ ........ ........ ........ 80% 11.2M 4m10s
11829248K ........ ........ ........ ........ 80% 11.2M 4m7s
11862016K ........ ........ ........ ........ 81% 11.2M 4m4s
11894784K ........ ........ ........ ........ 81% 11.2M 4m1s
11927552K ........                            81% 11.2M=17m38s

2026-04-01 09:36:46 (11.0 MB/s) - Connection closed at byte 12222607157. Retrying.

--2026-04-01 09:36:47--  (try: 2)  https://cas-bridge.xethub.hf.co/xet-bridge-us/67be03c930eecba21c83a91e/a1b2dd66baf080bfcac87962814a87564c7dd6d741048b7b39c3e2973e11b9e8?X-Amz-Algorithm=AWS4-HMAC-SHA256&X-Amz-Content-Sha256=UNSIGNED-PAYLOAD&X-Amz-Credential=cas%2F20260401%2Fus-east-1%2Fs3%2Faws4_request&X-Amz-Date=20260401T161820Z&X-Amz-Expires=3600&X-Amz-Signature=3473bf312e9f3bee73204272084088b0d239dd57eed1f246fb489fa76e6fa7ec&X-Amz-SignedHeaders=host&X-Xet-Cas-Uid=public&response-content-disposition=inline%3B+filename*%3DUTF-8%27%27Phantom-Wan-14B_fp8_e4m3fn.safetensors%3B+filename%3D%22Phantom-Wan-14B_fp8_e4m3fn.safetensors%22%3B&x-amz-checksum-mode=ENABLED&x-id=GetObject&Expires=1775063900&Policy=eyJTdGF0ZW1lbnQiOlt7IkNvbmRpdGlvbiI6eyJEYXRlTGVzc1RoYW4iOnsiQVdTOkVwb2NoVGltZSI6MTc3NTA2MzkwMH19LCJSZXNvdXJjZSI6Imh0dHBzOi8vY2FzLWJyaWRnZS54ZXRodWIuaGYuY28veGV0LWJyaWRnZS11cy82N2JlMDNjOTMwZWVjYmEyMWM4M2E5MWUvYTFiMmRkNjZiYWYwODBiZmNhYzg3OTYyODE0YTg3NTY0YzdkZDZkNzQxMDQ4YjdiMzljM2UyOTczZTExYjllOCoifV19&Signature=GlwITjxbQI0TQ9ZK42E-t%7EYKvKO9lIOmpEH8GFEz5r5qftpBGp10mVZZaxIyyGDOayNSNcqBecIm5tqJx-OGXe4uASfl6y6VheSd0AFSAIXrID%7EYpzR8bgwjzzdOs%7Eq4o3u97bLEfv9Opa4hnl8Uwpay4fZXltb9-wGBorI9VYradBEeotYoVGPWAMrHRrUNHS3bxP7ox9XeTCz3qVYIoc3zZNhWdhRrTOfunb21sck3Qwj6e49HbrA8FU3AQIi-Kncoojlu6Z5GNy6v41fQKqpUXY4VCPx15pZBi7fJJR-jrF0kOKOQr5BvfcCc2QfedjUeR-%7EQw13LCzdF-IkoPQ__&Key-Pair-Id=K2L8F4GPSG1IFC
Connecting to cas-bridge.xethub.hf.co (cas-bridge.xethub.hf.co)|99.84.215.118|:443... connected.
HTTP request sent, awaiting response... 206 Partial Content
Length: 15001320640 (14G), 2778713483 (2.6G) remaining
Saving to: ‘/home/henry/comfy/ComfyUI/models/diffusion_models/Phantom-Wan-14B_fp8_e4m3fn.safetensors’

          [ skipping 11927552K ]
11927552K ,,,,,,,, ........ ........ ........ 81% 14.3M 4m9s
11960320K ........ ........ ........ ........ 81% 11.2M 3m58s
11993088K ........ ........ ........ ........ 82% 11.2M 3m53s
12025856K ........ ........ ........ ........ 82% 9.97M 3m56s
12058624K ........ ........ ........ ........ 82% 11.2M 3m51s
12091392K ........ ........ ........ ........ 82% 11.2M 3m47s
12124160K ........ ........ ........ ........ 82% 11.2M 3m43s
12156928K ........ ........ ........ ........ 83% 10.4M 3m41s
12189696K ........ ........ ........ ........ 83% 11.2M 3m38s
12222464K ........ ........ ........ ........ 83% 11.2M 3m34s
12255232K ........ ........ ........ ........ 83% 11.2M 3m31s
12288000K ........ ........ ........ ........ 84% 11.2M 3m27s
12320768K ........ ........ ........ ........ 84% 11.2M 3m24s
12353536K ........ ........ ........ ........ 84% 10.4M 3m22s
12386304K ........ ........ ........ ........ 84% 11.2M 3m19s
12419072K ........ ........ ........ ........ 84% 11.2M 3m16s
12451840K ........ ........ ........ ........ 85% 10.4M 3m13s
12484608K ........ ........ ........ ........ 85% 11.2M 3m10s
12517376K ........ ........ ........ ........ 85% 11.2M 3m7s
12550144K ........ ........ ........ ........ 85% 11.2M 3m4s
12582912K ........ ........ ........ ........ 86% 11.2M 3m1s
12615680K ........ ........ ........ ........ 86% 11.2M 2m58s
12648448K ........ ........ ........ ........ 86% 10.4M 2m55s
12681216K ........ ........ ........ ........ 86% 11.2M 2m52s
12713984K ........ ........ ........ ........ 87% 11.2M 2m49s
12746752K ........ ........ ........ ........ 87% 11.2M 2m46s
12779520K ........ ........ ........ ........ 87% 11.2M 2m43s
12812288K ........ ........ ........ ........ 87% 10.4M 2m40s
12845056K ........ ........ ........ ........ 87% 11.2M 2m37s
12877824K ........ ........ ........ ........ 88% 11.2M 2m34s
12910592K ........ ........ ........ ........ 88% 10.4M 2m32s
12943360K ........ ........ ........ ........ 88% 11.2M 2m29s
12976128K ........ ........ ........ ........ 88% 11.2M 2m26s
13008896K ........ ........ ........ ........ 89% 11.2M 2m23s
13041664K ........ ........ ........ ........ 89% 10.4M 2m20s
13074432K ........ ........ ........ ........ 89% 11.2M 2m17s
13107200K ........ ........ ........ ........ 89% 11.2M 2m14s
13139968K ........ ........ ........ ........ 89% 10.4M 2m11s
13172736K ........ ........ ........ ........ 90% 11.2M 2m8s
13205504K ........ ........ ........ ........ 90% 11.2M 2m5s
13238272K ........ ........ ........ ........ 90% 11.2M 2m3s
13271040K ........ ........ ........ ........ 90% 10.4M 2m0s
13303808K ........ ........ ........ ........ 91% 11.2M 1m57s
13336576K ........ ........ ........ ........ 91% 11.2M 1m54s
13369344K ........ ........ ........ ........ 91% 10.4M 1m51s
13402112K ........ ........ ........ ........ 91% 11.2M 1m48s
13434880K ........ ........ ........ ........ 91% 11.2M 1m45s
13467648K ........ ........ ........ ........ 92% 11.2M 1m42s
13500416K ........ ........ ........ ........ 92% 10.4M 99s
13533184K ........ ........ ........ ........ 92% 11.2M 96s
13565952K ........ ........ ........ ........ 92% 11.2M 93s
13598720K ........ ........ ........ ........ 93% 10.4M 91s
13631488K ........ ........ ........ ........ 93% 11.2M 88s
13664256K ........ ........ ........ ........ 93% 11.2M 85s
13697024K ........ ........ ........ ........ 93% 11.2M 82s
13729792K ........ ........ ........ ........ 93% 10.4M 79s
13762560K ........ ........ ........ ........ 94% 11.2M 76s
13795328K ........ ........ ........ ........ 94% 11.2M 73s
13828096K ........ ........ ........ ........ 94% 10.4M 70s
13860864K ........ ........ ........ ........ 94% 11.2M 67s
13893632K ........ ........ ........ ........ 95% 11.2M 64s
13926400K ........ ........ ........ ........ 95% 11.2M 61s
13959168K ........ ........ ........ ........ 95% 10.4M 59s
13991936K ........ ........ ........ ........ 95% 11.2M 56s
14024704K ........ ........ ........ ........ 95% 11.2M 53s
14057472K ........ ........ ........ ........ 96% 10.4M 50s
14090240K ........ ........ ........ ........ 96% 11.2M 47s
14123008K ........ ........ ........ ........ 96% 11.2M 44s
14155776K ........ ........ ........ ........ 96% 11.2M 41s
14188544K ........ ........ ........ ........ 97% 10.4M 38s
14221312K ........ ........ ........ ........ 97% 11.2M 35s
14254080K ........ ........ ........ ........ 97% 11.2M 32s
14286848K ........ ........ ........ ........ 97% 10.4M 29s
14319616K ........ ........ ........ ........ 97% 11.2M 26s
14352384K ........ ........ ........ ........ 98% 11.2M 24s
14385152K ........ ........ ........ ........ 98% 11.2M 21s
14417920K ........ ........ ........ ........ 98% 10.4M 18s
14450688K ........ ........ ........ ........ 98% 11.2M 15s
14483456K ........ ........ ........ ........ 99% 11.2M 12s
14516224K ........ ........ ........ ........ 99% 10.4M 9s
14548992K ........ ........ ........ ........ 99% 11.2M 6s
14581760K ........ ........ ........ ........ 99% 11.2M 3s
14614528K ........ ........ ........ ........ 99% 11.2M 0s
14647296K ..                                 100% 11.2M=4m1s

2026-04-01 09:40:49 (11.0 MB/s) - ‘/home/henry/comfy/ComfyUI/models/diffusion_models/Phantom-Wan-14B_fp8_e4m3fn.safetensors’ saved [15001320640/15001320640]

